#
# There is insufficient memory for the Java Runtime Environment to continue.
# Native memory allocation (malloc) failed to allocate 1048576 bytes for AllocateHeap
# Possible reasons:
#   The system is out of physical RAM or swap space
#   In 32 bit mode, the process size limit was hit
# Possible solutions:
#   Reduce memory load on the system
#   Increase physical memory or swap space
#   Check if swap backing store is full
#   Use 64 bit Java on a 64 bit OS
#   Decrease Java heap size (-Xmx/-Xms)
#   Decrease number of Java threads
#   Decrease Java thread stack sizes (-Xss)
#   Set larger code cache with -XX:ReservedCodeCacheSize=
# This output file may be truncated or incomplete.
#
#  Out of Memory Error (memory/allocation.inline.hpp:61), pid=24192, tid=0x00000000000007fc
#
# JRE version:  (8.0_181-b13) (build )
# Java VM: Java HotSpot(TM) 64-Bit Server VM (25.181-b13 mixed mode windows-amd64 compressed oops)
# Failed to write core dump. Minidumps are not enabled by default on client versions of Windows
#

---------------  T H R E A D  ---------------

Current thread (0x00000000032d6800):  JavaThread "Unknown thread" [_thread_in_vm, id=2044, stack(0x0000000002be0000,0x0000000002ce0000)]

Stack: [0x0000000002be0000,0x0000000002ce0000]
[error occurred during error reporting (printing stack bounds), id 0xc0000005]

Native frames: (J=compiled Java code, j=interpreted, Vv=VM code, C=native code)


---------------  P R O C E S S  ---------------

Java Threads: ( => current thread )

Other Threads:

=>0x00000000032d6800 (exited) JavaThread "Unknown thread" [_thread_in_vm, id=2044, stack(0x0000000002be0000,0x0000000002ce0000)]

VM state:not at safepoint (normal execution)

VM Mutex/Monitor currently owned by a thread: None

Heap:
 PSYoungGen      total 38400K, used 665K [0x00000000d5b80000, 0x00000000d8600000, 0x0000000100000000)
  eden space 33280K, 2% used [0x00000000d5b80000,0x00000000d5c26670,0x00000000d7c00000)
  from space 5120K, 0% used [0x00000000d8100000,0x00000000d8100000,0x00000000d8600000)
  to   space 5120K, 0% used [0x00000000d7c00000,0x00000000d7c00000,0x00000000d8100000)
 ParOldGen       total 87552K, used 0K [0x0000000081200000, 0x0000000086780000, 0x00000000d5b80000)
  object space 87552K, 0% used [0x0000000081200000,0x0000000081200000,0x0000000086780000)
 Metaspace       used 775K, capacity 4480K, committed 4480K, reserved 1056768K
  class space    used 76K, capacity 384K, committed 384K, reserved 1048576K

Card table byte_map: [0x0000000012790000,0x0000000012b90000] byte_map_base: 0x0000000012387000

Marking Bits: (ParMarkBitMap*) 0x0000000068de2d00
 Begin Bits: [0x0000000013240000, 0x00000000151f8000)
 End Bits:   [0x00000000151f8000, 0x00000000171b0000)

Polling page: 0x0000000000bf0000

CodeCache: size=245760Kb used=328Kb max_used=328Kb free=245431Kb
 bounds [0x00000000033d0000, 0x0000000003640000, 0x00000000123d0000]
 total_blobs=58 nmethods=0 adapters=38
 compilation: enabled

Compilation events (0 events):
No events

GC Heap History (0 events):
No events

Deoptimization events (0 events):
No events

Classes redefined (0 events):
No events

Internal exceptions (0 events):
No events

Events (10 events):
Event: 0.078 loading class java/lang/Short
Event: 0.078 loading class java/lang/Short done
Event: 0.078 loading class java/lang/Integer
Event: 0.079 loading class java/lang/Integer done
Event: 0.079 loading class java/lang/Long
Event: 0.079 loading class java/lang/Long done
Event: 0.080 loading class java/lang/NullPointerException
Event: 0.080 loading class java/lang/NullPointerException done
Event: 0.080 loading class java/lang/ArithmeticException
Event: 0.080 loading class java/lang/ArithmeticException done


Dynamic libraries:
0x00007ff75ccb0000 - 0x00007ff75cce7000 	C:\Program Files\Java\jdk1.8.0_181\bin\java.exe
0x00007ffe25ed0000 - 0x00007ffe260b1000 	C:\WINDOWS\SYSTEM32\ntdll.dll
0x00007ffe24910000 - 0x00007ffe249c2000 	C:\WINDOWS\System32\KERNEL32.DLL
0x00007ffe22490000 - 0x00007ffe22703000 	C:\WINDOWS\System32\KERNELBASE.dll
0x00007ffe24160000 - 0x00007ffe24201000 	C:\WINDOWS\System32\ADVAPI32.dll
0x00007ffe242a0000 - 0x00007ffe2433e000 	C:\WINDOWS\System32\msvcrt.dll
0x00007ffe238e0000 - 0x00007ffe2393b000 	C:\WINDOWS\System32\sechost.dll
0x00007ffe234e0000 - 0x00007ffe23604000 	C:\WINDOWS\System32\RPCRT4.dll
0x00007ffe24340000 - 0x00007ffe244d0000 	C:\WINDOWS\System32\USER32.dll
0x00007ffe23340000 - 0x00007ffe23360000 	C:\WINDOWS\System32\win32u.dll
0x00007ffe249d0000 - 0x00007ffe249f8000 	C:\WINDOWS\System32\GDI32.dll
0x00007ffe22ff0000 - 0x00007ffe23182000 	C:\WINDOWS\System32\gdi32full.dll
0x00007ffe23240000 - 0x00007ffe232df000 	C:\WINDOWS\System32\msvcp_win.dll
0x00007ffe22ef0000 - 0x00007ffe22fea000 	C:\WINDOWS\System32\ucrtbase.dll
0x00007ffe11c70000 - 0x00007ffe11ed9000 	C:\WINDOWS\WinSxS\amd64_microsoft.windows.common-controls_6595b64144ccf1df_6.0.17134.376_none_fb439a3730647da2\COMCTL32.dll
0x00007ffe245e0000 - 0x00007ffe24903000 	C:\WINDOWS\System32\combase.dll
0x00007ffe22e70000 - 0x00007ffe22eea000 	C:\WINDOWS\System32\bcryptPrimitives.dll
0x00007ffe238b0000 - 0x00007ffe238dd000 	C:\WINDOWS\System32\IMM32.DLL
0x00000000699f0000 - 0x0000000069ac2000 	C:\Program Files\Java\jdk1.8.0_181\jre\bin\msvcr100.dll
0x00000000685c0000 - 0x0000000068e62000 	C:\Program Files\Java\jdk1.8.0_181\jre\bin\server\jvm.dll
0x00007ffe238a0000 - 0x00007ffe238a8000 	C:\WINDOWS\System32\PSAPI.DLL
0x00007ffe1fd70000 - 0x00007ffe1fd93000 	C:\WINDOWS\SYSTEM32\WINMM.dll
0x00007ffe11320000 - 0x00007ffe11329000 	C:\WINDOWS\SYSTEM32\WSOCK32.dll
0x00007ffe16890000 - 0x00007ffe1689a000 	C:\WINDOWS\SYSTEM32\VERSION.dll
0x00007ffe1fd40000 - 0x00007ffe1fd6a000 	C:\WINDOWS\SYSTEM32\winmmbase.dll
0x00007ffe22e20000 - 0x00007ffe22e69000 	C:\WINDOWS\System32\cfgmgr32.dll
0x00007ffe24230000 - 0x00007ffe2429c000 	C:\WINDOWS\System32\WS2_32.dll
0x000000006acd0000 - 0x000000006acdf000 	C:\Program Files\Java\jdk1.8.0_181\jre\bin\verify.dll
0x00000000699c0000 - 0x00000000699e9000 	C:\Program Files\Java\jdk1.8.0_181\jre\bin\java.dll
0x0000000069990000 - 0x00000000699b3000 	C:\Program Files\Java\jdk1.8.0_181\jre\bin\instrument.dll
0x0000000069970000 - 0x0000000069986000 	C:\Program Files\Java\jdk1.8.0_181\jre\bin\zip.dll

VM Arguments:
jvm_args: -ea -Didea.test.cyclic.buffer.size=1048576 -javaagent:D:\软件安装\java配置资料及软件\IntelliJ IDEA 2018.1.6\lib\idea_rt.jar=14844:D:\软件安装\java配置资料及软件\IntelliJ IDEA 2018.1.6\bin -Dfile.encoding=UTF-8 
java_command: com.intellij.rt.execution.junit.JUnitStarter -ideVersion5 -junit4 com.neuedu.sell.service.impl.OrderServiceImplTest,createTest
java_class_path (initial): D:\软件安装\java配置资料及软件\IntelliJ IDEA 2018.1.6\lib\idea_rt.jar;D:\软件安装\java配置资料及软件\IntelliJ IDEA 2018.1.6\plugins\junit\lib\junit-rt.jar;D:\软件安装\java配置资料及软件\IntelliJ IDEA 2018.1.6\plugins\junit\lib\junit5-rt.jar;C:\Program Files\Java\jdk1.8.0_181\jre\lib\charsets.jar;C:\Program Files\Java\jdk1.8.0_181\jre\lib\deploy.jar;C:\Program Files\Java\jdk1.8.0_181\jre\lib\ext\access-bridge-64.jar;C:\Program Files\Java\jdk1.8.0_181\jre\lib\ext\cldrdata.jar;C:\Program Files\Java\jdk1.8.0_181\jre\lib\ext\dnsns.jar;C:\Program Files\Java\jdk1.8.0_181\jre\lib\ext\jaccess.jar;C:\Program Files\Java\jdk1.8.0_181\jre\lib\ext\jfxrt.jar;C:\Program Files\Java\jdk1.8.0_181\jre\lib\ext\localedata.jar;C:\Program Files\Java\jdk1.8.0_181\jre\lib\ext\nashorn.jar;C:\Program Files\Java\jdk1.8.0_181\jre\lib\ext\sunec.jar;C:\Program Files\Java\jdk1.8.0_181\jre\lib\ext\sunjce_provider.jar;C:\Program Files\Java\jdk1.8.0_181\jre\lib\ext\sunmscapi.jar;C:\Program Files\Java\jdk1.8.0_181\jre\lib\ext\sunpkcs11.jar;C:\Program Files\Java\jdk1.8.0_181\jre\lib\ext\zipfs.jar;C:\Program Files\Java\jdk1.8.0_181\jre\lib\javaws.jar;C:\Program Files\Java\jdk1.8.0_181\jre\lib\jce.jar;C:\Program Files\Java\jdk1.8.0_181\jre\lib\jfr.jar;C:\Program Files\Java\jdk1.8.0_181\jre\lib\jfxswt.jar;C:\Program Files\Java\jdk1.8.0_181\jre\lib\jsse.jar;C:\Program Files\Java\jdk1.8.0_181\jre\lib\management-agent.jar;C:\Program Files\Java\jdk1.8.0_181\jre\lib\plugin.jar;C:\Program Files\Java\jdk1.8.0_181\jre\lib\resources.jar;C:\Program Files\Java\jdk1.8.0_181\jre\lib\rt.jar;F:\东软培训项目\workspace_IDEA\sell\target\test-classes;F:\东软培训项目\workspace_IDEA\sell\target\classes;D:\软件\mavenRepository\org\springframework\boot\spring-boot-starter\1.5.17.RELEASE\spring-boot-starter-1.5.17.RELEASE.jar;D:\软件\mavenRepository\org\springframework\boot\spring-boot\1.5.17.RELEASE\spring-boot-1.5.17.RELEASE.jar;D:\软件\mavenRepository\org\springframework\spring-context\4.3.20.RELEA
Launcher Type: SUN_STANDARD

Environment Variables:
JAVA_HOME=C:\Program Files\Java\jdk1.8.0_181
CLASSPATH=.;C:\Program Files\Java\jdk1.8.0_181\lib\dt.jar;C:\Program Files\Java\jdk1.8.0_181\lib\tools.jar;
PATH=C:\Program Files (x86)\Common Files\Oracle\Java\javapath;C:\WINDOWS\system32;C:\WINDOWS;C:\WINDOWS\System32\Wbem;C:\WINDOWS\System32\WindowsPowerShell\v1.0\;C:\Program Files\Java\jdk1.8.0_181\bin;C:\Program Files\Java\jdk1.8.0_181\jre\bin;D:\软件\apache-maven-3.5.4\bin;C;\Program Files\TortoiseSVN\bin;D:\软件\;;D:\软件\Git\cmd;C:\WINDOWS\System32\OpenSSH\;C:\Program Files\Bandizip\;C:\Users\李大鹏\AppData\Roaming\npm;%USERPROFILE%\AppData\Local\Microsoft\WindowsApps;
USERNAME=李大鹏
OS=Windows_NT
PROCESSOR_IDENTIFIER=Intel64 Family 6 Model 69 Stepping 1, GenuineIntel



---------------  S Y S T E M  ---------------

OS: Windows 10.0 , 64 bit Build 17134 (10.0.17134.1)

CPU:total 4 (initial active 4) (2 cores per cpu, 2 threads per core) family 6 model 69 stepping 1, cmov, cx8, fxsr, mmx, sse, sse2, sse3, ssse3, sse4.1, sse4.2, popcnt, avx, avx2, aes, clmul, erms, lzcnt, ht, tsc, tscinvbit, bmi1, bmi2

Memory: 4k page, physical 8314220k(1139880k free), swap 17920080k(5112k free)

vm_info: Java HotSpot(TM) 64-Bit Server VM (25.181-b13) for windows-amd64 JRE (1.8.0_181-b13), built on Jul  7 2018 04:01:33 by "java_re" with MS VC++ 10.0 (VS2010)

time: Fri Nov 02 15:56:58 2018
elapsed time: 0 seconds (0d 0h 0m 0s)

