#
# There is insufficient memory for the Java Runtime Environment to continue.
# Native memory allocation (malloc) failed to allocate 370960 bytes for Chunk::new
# Possible reasons:
#   The system is out of physical RAM or swap space
#   In 32 bit mode, the process size limit was hit
# Possible solutions:
#   Reduce memory load on the system
#   Increase physical memory or swap space
#   Check if swap backing store is full
#   Use 64 bit Java on a 64 bit OS
#   Decrease Java heap size (-Xmx/-Xms)
#   Decrease number of Java threads
#   Decrease Java thread stack sizes (-Xss)
#   Set larger code cache with -XX:ReservedCodeCacheSize=
# This output file may be truncated or incomplete.
#
#  Out of Memory Error (allocation.cpp:390), pid=17436, tid=0x000000000000632c
#
# JRE version: Java(TM) SE Runtime Environment (8.0_181-b13) (build 1.8.0_181-b13)
# Java VM: Java HotSpot(TM) 64-Bit Server VM (25.181-b13 mixed mode windows-amd64 compressed oops)
# Failed to write core dump. Minidumps are not enabled by default on client versions of Windows
#

---------------  T H R E A D  ---------------

Current thread (0x000000001820c000):  JavaThread "C2 CompilerThread1" daemon [_thread_in_native, id=25388, stack(0x0000000019d20000,0x0000000019e20000)]

Stack: [0x0000000019d20000,0x0000000019e20000]
[error occurred during error reporting (printing stack bounds), id 0xc0000005]

Native frames: (J=compiled Java code, j=interpreted, Vv=VM code, C=native code)


Current CompileTask:
C2:   3811  881   !   4       java.net.URL::<init> (543 bytes)


---------------  P R O C E S S  ---------------

Java Threads: ( => current thread )
  0x00000000195dd800 JavaThread "Service Thread" daemon [_thread_blocked, id=23960, stack(0x0000000019f20000,0x000000001a020000)]
  0x000000001820d800 JavaThread "C1 CompilerThread2" daemon [_thread_in_vm, id=21932, stack(0x0000000019e20000,0x0000000019f20000)]
=>0x000000001820c000 JavaThread "C2 CompilerThread1" daemon [_thread_in_native, id=25388, stack(0x0000000019d20000,0x0000000019e20000)]
  0x0000000018208000 JavaThread "C2 CompilerThread0" daemon [_thread_in_native, id=20328, stack(0x0000000019c20000,0x0000000019d20000)]
  0x0000000018206800 JavaThread "Monitor Ctrl-Break" daemon [_thread_in_native, id=9736, stack(0x0000000019b20000,0x0000000019c20000)]
  0x0000000019563800 JavaThread "Attach Listener" daemon [_thread_blocked, id=15664, stack(0x0000000019a20000,0x0000000019b20000)]
  0x00000000181d4800 JavaThread "Signal Dispatcher" daemon [_thread_blocked, id=17324, stack(0x0000000019920000,0x0000000019a20000)]
  0x000000001819e800 JavaThread "Finalizer" daemon [_thread_blocked, id=24172, stack(0x0000000019420000,0x0000000019520000)]
  0x0000000003627000 JavaThread "Reference Handler" daemon [_thread_blocked, id=24948, stack(0x0000000019320000,0x0000000019420000)]
  0x0000000003536800 JavaThread "main" [_thread_in_vm, id=17796, stack(0x0000000003330000,0x0000000003430000)]

Other Threads:
  0x0000000018177800 VMThread [stack: 0x0000000019220000,0x0000000019320000] [id=10412]
  0x000000001967f800 WatcherThread [stack: 0x000000001a020000,0x000000001a120000] [id=25232]

VM state:not at safepoint (normal execution)

VM Mutex/Monitor currently owned by a thread:  ([mutex/lock_event])
[0x0000000003533980] MethodData_lock - owner thread: 0x0000000000000000

Heap:
 PSYoungGen      total 38400K, used 35026K [0x00000000d5b80000, 0x00000000d8600000, 0x0000000100000000)
  eden space 33280K, 91% used [0x00000000d5b80000,0x00000000d793d7b8,0x00000000d7c00000)
  from space 5120K, 89% used [0x00000000d7c00000,0x00000000d8077168,0x00000000d8100000)
  to   space 5120K, 0% used [0x00000000d8100000,0x00000000d8100000,0x00000000d8600000)
 ParOldGen       total 87552K, used 8K [0x0000000081200000, 0x0000000086780000, 0x00000000d5b80000)
  object space 87552K, 0% used [0x0000000081200000,0x0000000081202000,0x0000000086780000)
 Metaspace       used 11026K, capacity 11178K, committed 11392K, reserved 1058816K
  class space    used 1364K, capacity 1401K, committed 1408K, reserved 1048576K

Card table byte_map: [0x00000000129f0000,0x0000000012df0000] byte_map_base: 0x00000000125e7000

Marking Bits: (ParMarkBitMap*) 0x0000000068de2d00
 Begin Bits: [0x00000000134a0000, 0x0000000015458000)
 End Bits:   [0x0000000015458000, 0x0000000017410000)

Polling page: 0x0000000001100000

CodeCache: size=245760Kb used=3676Kb max_used=3684Kb free=242083Kb
 bounds [0x0000000003630000, 0x00000000039d0000, 0x0000000012630000]
 total_blobs=1259 nmethods=940 adapters=231
 compilation: enabled

Compilation events (10 events):
Event: 3.793 Thread 0x000000001820d800  924       3       java.util.LinkedHashMap$LinkedKeySet::iterator (12 bytes)
Event: 3.794 Thread 0x000000001820d800 nmethod 924 0x00000000039be910 code [0x00000000039bea80, 0x00000000039bed90]
Event: 3.794 Thread 0x000000001820d800  925       3       java.util.LinkedHashMap$LinkedKeyIterator::<init> (11 bytes)
Event: 3.794 Thread 0x000000001820d800 nmethod 925 0x00000000039be410 code [0x00000000039be580, 0x00000000039be7f0]
Event: 3.795 Thread 0x000000001820d800  926       3       java.io.WinNTFileSystem::normalize (143 bytes)
Event: 3.796 Thread 0x000000001820d800 nmethod 926 0x00000000039c2ad0 code [0x00000000039c2cc0, 0x00000000039c34e8]
Event: 3.801 Thread 0x000000001820d800  928       3       org.springframework.util.StringUtils::toStringArray (25 bytes)
Event: 3.801 Thread 0x000000001820d800 nmethod 928 0x00000000039c3890 code [0x00000000039c3a20, 0x00000000039c3e98]
Event: 3.803 Thread 0x0000000018208000  929       4       java.lang.String::lastIndexOf (13 bytes)
Event: 3.803 Thread 0x000000001820d800  930       3       org.yaml.snakeyaml.scanner.ScannerImpl::stalePossibleSimpleKeys (118 bytes)

GC Heap History (2 events):
Event: 1.822 GC heap before
{Heap before GC invocations=1 (full 0):
 PSYoungGen      total 38400K, used 33280K [0x00000000d5b80000, 0x00000000d8600000, 0x0000000100000000)
  eden space 33280K, 100% used [0x00000000d5b80000,0x00000000d7c00000,0x00000000d7c00000)
  from space 5120K, 0% used [0x00000000d8100000,0x00000000d8100000,0x00000000d8600000)
  to   space 5120K, 0% used [0x00000000d7c00000,0x00000000d7c00000,0x00000000d8100000)
 ParOldGen       total 87552K, used 0K [0x0000000081200000, 0x0000000086780000, 0x00000000d5b80000)
  object space 87552K, 0% used [0x0000000081200000,0x0000000081200000,0x0000000086780000)
 Metaspace       used 7919K, capacity 8050K, committed 8192K, reserved 1056768K
  class space    used 937K, capacity 981K, committed 1024K, reserved 1048576K
Event: 1.831 GC heap after
Heap after GC invocations=1 (full 0):
 PSYoungGen      total 38400K, used 4572K [0x00000000d5b80000, 0x00000000d8600000, 0x0000000100000000)
  eden space 33280K, 0% used [0x00000000d5b80000,0x00000000d5b80000,0x00000000d7c00000)
  from space 5120K, 89% used [0x00000000d7c00000,0x00000000d8077168,0x00000000d8100000)
  to   space 5120K, 0% used [0x00000000d8100000,0x00000000d8100000,0x00000000d8600000)
 ParOldGen       total 87552K, used 8K [0x0000000081200000, 0x0000000086780000, 0x00000000d5b80000)
  object space 87552K, 0% used [0x0000000081200000,0x0000000081202000,0x0000000086780000)
 Metaspace       used 7919K, capacity 8050K, committed 8192K, reserved 1056768K
  class space    used 937K, capacity 981K, committed 1024K, reserved 1048576K
}

Deoptimization events (10 events):
Event: 1.368 Thread 0x0000000003536800 Uncommon trap: reason=unstable_if action=reinterpret pc=0x00000000038be3e4 method=java.io.WinNTFileSystem.normalize(Ljava/lang/String;)Ljava/lang/String; @ 128
Event: 1.369 Thread 0x0000000003536800 Uncommon trap: reason=unstable_if action=reinterpret pc=0x00000000037f1b70 method=java.lang.String.indexOf([CII[CIII)I @ 3
Event: 1.754 Thread 0x0000000003536800 Uncommon trap: reason=unstable_if action=reinterpret pc=0x000000000385c248 method=java.lang.AbstractStringBuilder.append(Ljava/lang/String;)Ljava/lang/AbstractStringBuilder; @ 1
Event: 1.754 Thread 0x0000000003536800 Uncommon trap: reason=unstable_if action=reinterpret pc=0x000000000384a380 method=java.lang.AbstractStringBuilder.append(Ljava/lang/String;)Ljava/lang/AbstractStringBuilder; @ 1
Event: 2.248 Thread 0x0000000003536800 Uncommon trap: reason=range_check action=make_not_entrant pc=0x0000000003895420 method=sun.reflect.generics.parser.SignatureParser.current()C @ 34
Event: 2.559 Thread 0x0000000003536800 Uncommon trap: reason=unstable_if action=reinterpret pc=0x000000000394ea1c method=java.util.Properties$LineReader.readLine()I @ 37
Event: 3.069 Thread 0x0000000003536800 Uncommon trap: reason=unstable_if action=reinterpret pc=0x000000000392b6f0 method=java.util.HashMap.hash(Ljava/lang/Object;)I @ 1
Event: 3.070 Thread 0x0000000003536800 Uncommon trap: reason=unstable_if action=reinterpret pc=0x0000000003899068 method=java.util.HashMap.hash(Ljava/lang/Object;)I @ 1
Event: 3.101 Thread 0x0000000003536800 Uncommon trap: reason=unstable_if action=reinterpret pc=0x00000000038749bc method=java.util.HashMap.hash(Ljava/lang/Object;)I @ 1
Event: 3.776 Thread 0x0000000003536800 Uncommon trap: reason=unstable_if action=reinterpret pc=0x000000000399ef24 method=java.io.WinNTFileSystem.isLetter(C)Z @ 15

Classes redefined (0 events):
No events

Internal exceptions (10 events):
Event: 2.249 Thread 0x0000000003536800 Exception <a 'java/lang/ArrayIndexOutOfBoundsException': 182> (0x00000000d6168118) thrown at [C:\re\workspace\8-2-build-windows-amd64-cygwin\jdk8u181\11358\hotspot\src\share\vm\interpreter\interpreterRuntime.cpp, line 366]
Event: 2.250 Thread 0x0000000003536800 Exception <a 'java/lang/ArrayIndexOutOfBoundsException': 60> (0x00000000d616a4b0) thrown at [C:\re\workspace\8-2-build-windows-amd64-cygwin\jdk8u181\11358\hotspot\src\share\vm\interpreter\interpreterRuntime.cpp, line 366]
Event: 2.559 Thread 0x0000000003536800 Implicit null exception at 0x000000000394e43c to 0x000000000394e9f5
Event: 3.069 Thread 0x0000000003536800 Implicit null exception at 0x000000000392af7b to 0x000000000392b6d5
Event: 3.070 Thread 0x0000000003536800 Implicit null exception at 0x0000000003898fef to 0x0000000003899059
Event: 3.101 Thread 0x0000000003536800 Implicit null exception at 0x00000000038747d5 to 0x00000000038749ad
Event: 3.430 Thread 0x0000000003536800 Exception <a 'java/lang/ClassNotFoundException': org/springframework/boot/yaml/SpringProfileDocumentMatcher$SpringPropertiesBeanInfo> (0x00000000d7578fa0) thrown at [C:\re\workspace\8-2-build-windows-amd64-cygwin\jdk8u181\11358\hotspot\src\share\vm\classf
Event: 3.430 Thread 0x0000000003536800 Exception <a 'java/lang/ClassNotFoundException': java/lang/ObjectBeanInfo> (0x00000000d75811c8) thrown at [C:\re\workspace\8-2-build-windows-amd64-cygwin\jdk8u181\11358\hotspot\src\share\vm\classfile\systemDictionary.cpp, line 210]
Event: 3.431 Thread 0x0000000003536800 Exception <a 'java/lang/ClassNotFoundException': java/lang/ObjectCustomizer> (0x00000000d7589c00) thrown at [C:\re\workspace\8-2-build-windows-amd64-cygwin\jdk8u181\11358\hotspot\src\share\vm\classfile\systemDictionary.cpp, line 210]
Event: 3.440 Thread 0x0000000003536800 Exception <a 'java/lang/ClassNotFoundException': org/springframework/boot/yaml/SpringProfileDocumentMatcher$SpringPropertiesCustomizer> (0x00000000d75bf118) thrown at [C:\re\workspace\8-2-build-windows-amd64-cygwin\jdk8u181\11358\hotspot\src\share\vm\clas

Events (10 events):
Event: 3.769 loading class org/springframework/boot/bind/InetAddressEditor done
Event: 3.770 loading class java/net/UnknownHostException
Event: 3.770 loading class java/net/UnknownHostException done
Event: 3.771 loading class org/springframework/boot/yaml/SpringProfileDocumentMatcher$ProfileType
Event: 3.771 loading class org/springframework/boot/yaml/SpringProfileDocumentMatcher$ProfileType done
Event: 3.772 loading class org/springframework/boot/context/config/ConfigFileApplicationListener$SpringProfiles
Event: 3.772 loading class org/springframework/boot/context/config/ConfigFileApplicationListener$SpringProfiles done
Event: 3.776 Thread 0x0000000003536800 Uncommon trap: trap_request=0xffffff65 fr.pc=0x000000000399ef24
Event: 3.776 Thread 0x0000000003536800 DEOPT PACKING pc=0x000000000399ef24 sp=0x000000000342de70
Event: 3.776 Thread 0x0000000003536800 DEOPT UNPACKING pc=0x000000000367583b sp=0x000000000342dcf8 mode 2


Dynamic libraries:
0x00007ff637140000 - 0x00007ff637177000 	C:\Program Files\Java\jdk1.8.0_181\bin\java.exe
0x00007ffe25ed0000 - 0x00007ffe260b1000 	C:\WINDOWS\SYSTEM32\ntdll.dll
0x00007ffe24910000 - 0x00007ffe249c2000 	C:\WINDOWS\System32\KERNEL32.DLL
0x00007ffe22490000 - 0x00007ffe22703000 	C:\WINDOWS\System32\KERNELBASE.dll
0x00007ffe24160000 - 0x00007ffe24201000 	C:\WINDOWS\System32\ADVAPI32.dll
0x00007ffe242a0000 - 0x00007ffe2433e000 	C:\WINDOWS\System32\msvcrt.dll
0x00007ffe238e0000 - 0x00007ffe2393b000 	C:\WINDOWS\System32\sechost.dll
0x00007ffe234e0000 - 0x00007ffe23604000 	C:\WINDOWS\System32\RPCRT4.dll
0x00007ffe24340000 - 0x00007ffe244d0000 	C:\WINDOWS\System32\USER32.dll
0x00007ffe23340000 - 0x00007ffe23360000 	C:\WINDOWS\System32\win32u.dll
0x00007ffe249d0000 - 0x00007ffe249f8000 	C:\WINDOWS\System32\GDI32.dll
0x00007ffe22ff0000 - 0x00007ffe23182000 	C:\WINDOWS\System32\gdi32full.dll
0x00007ffe23240000 - 0x00007ffe232df000 	C:\WINDOWS\System32\msvcp_win.dll
0x00007ffe22ef0000 - 0x00007ffe22fea000 	C:\WINDOWS\System32\ucrtbase.dll
0x00007ffe11c70000 - 0x00007ffe11ed9000 	C:\WINDOWS\WinSxS\amd64_microsoft.windows.common-controls_6595b64144ccf1df_6.0.17134.376_none_fb439a3730647da2\COMCTL32.dll
0x00007ffe245e0000 - 0x00007ffe24903000 	C:\WINDOWS\System32\combase.dll
0x00007ffe22e70000 - 0x00007ffe22eea000 	C:\WINDOWS\System32\bcryptPrimitives.dll
0x00007ffe238b0000 - 0x00007ffe238dd000 	C:\WINDOWS\System32\IMM32.DLL
0x00000000699f0000 - 0x0000000069ac2000 	C:\Program Files\Java\jdk1.8.0_181\jre\bin\msvcr100.dll
0x00000000685c0000 - 0x0000000068e62000 	C:\Program Files\Java\jdk1.8.0_181\jre\bin\server\jvm.dll
0x00007ffe238a0000 - 0x00007ffe238a8000 	C:\WINDOWS\System32\PSAPI.DLL
0x00007ffe1fd70000 - 0x00007ffe1fd93000 	C:\WINDOWS\SYSTEM32\WINMM.dll
0x00007ffe11320000 - 0x00007ffe11329000 	C:\WINDOWS\SYSTEM32\WSOCK32.dll
0x00007ffe24230000 - 0x00007ffe2429c000 	C:\WINDOWS\System32\WS2_32.dll
0x00007ffe1fd40000 - 0x00007ffe1fd6a000 	C:\WINDOWS\SYSTEM32\WINMMBASE.dll
0x00007ffe22e20000 - 0x00007ffe22e69000 	C:\WINDOWS\System32\cfgmgr32.dll
0x00007ffe16890000 - 0x00007ffe1689a000 	C:\WINDOWS\SYSTEM32\VERSION.dll
0x000000006afe0000 - 0x000000006afef000 	C:\Program Files\Java\jdk1.8.0_181\jre\bin\verify.dll
0x000000006afb0000 - 0x000000006afd9000 	C:\Program Files\Java\jdk1.8.0_181\jre\bin\java.dll
0x000000006af60000 - 0x000000006af83000 	C:\Program Files\Java\jdk1.8.0_181\jre\bin\instrument.dll
0x000000006af90000 - 0x000000006afa6000 	C:\Program Files\Java\jdk1.8.0_181\jre\bin\zip.dll
0x00007ffe24a00000 - 0x00007ffe25e3f000 	C:\WINDOWS\System32\SHELL32.dll
0x00007ffe24530000 - 0x00007ffe245d9000 	C:\WINDOWS\System32\shcore.dll
0x00007ffe22710000 - 0x00007ffe22e1d000 	C:\WINDOWS\System32\windows.storage.dll
0x00007ffe244d0000 - 0x00007ffe24521000 	C:\WINDOWS\System32\shlwapi.dll
0x00007ffe22250000 - 0x00007ffe22261000 	C:\WINDOWS\System32\kernel.appcore.dll
0x00007ffe22270000 - 0x00007ffe2228f000 	C:\WINDOWS\System32\profapi.dll
0x00007ffe221e0000 - 0x00007ffe2222c000 	C:\WINDOWS\System32\powrprof.dll
0x00007ffe22290000 - 0x00007ffe2229a000 	C:\WINDOWS\System32\FLTLIB.DLL
0x000000006af40000 - 0x000000006af5a000 	C:\Program Files\Java\jdk1.8.0_181\jre\bin\net.dll
0x00007ffe21a60000 - 0x00007ffe21ac6000 	C:\WINDOWS\system32\mswsock.dll

VM Arguments:
jvm_args: -ea -Didea.test.cyclic.buffer.size=1048576 -javaagent:D:\软件安装\java配置资料及软件\IntelliJ IDEA 2018.1.6\lib\idea_rt.jar=2695:D:\软件安装\java配置资料及软件\IntelliJ IDEA 2018.1.6\bin -Dfile.encoding=UTF-8 
java_command: com.intellij.rt.execution.junit.JUnitStarter -ideVersion5 -junit4 com.neuedu.sell.service.impl.OrderServiceImplTest,createTest
java_class_path (initial): D:\软件安装\java配置资料及软件\IntelliJ IDEA 2018.1.6\lib\idea_rt.jar;D:\软件安装\java配置资料及软件\IntelliJ IDEA 2018.1.6\plugins\junit\lib\junit-rt.jar;D:\软件安装\java配置资料及软件\IntelliJ IDEA 2018.1.6\plugins\junit\lib\junit5-rt.jar;C:\Program Files\Java\jdk1.8.0_181\jre\lib\charsets.jar;C:\Program Files\Java\jdk1.8.0_181\jre\lib\deploy.jar;C:\Program Files\Java\jdk1.8.0_181\jre\lib\ext\access-bridge-64.jar;C:\Program Files\Java\jdk1.8.0_181\jre\lib\ext\cldrdata.jar;C:\Program Files\Java\jdk1.8.0_181\jre\lib\ext\dnsns.jar;C:\Program Files\Java\jdk1.8.0_181\jre\lib\ext\jaccess.jar;C:\Program Files\Java\jdk1.8.0_181\jre\lib\ext\jfxrt.jar;C:\Program Files\Java\jdk1.8.0_181\jre\lib\ext\localedata.jar;C:\Program Files\Java\jdk1.8.0_181\jre\lib\ext\nashorn.jar;C:\Program Files\Java\jdk1.8.0_181\jre\lib\ext\sunec.jar;C:\Program Files\Java\jdk1.8.0_181\jre\lib\ext\sunjce_provider.jar;C:\Program Files\Java\jdk1.8.0_181\jre\lib\ext\sunmscapi.jar;C:\Program Files\Java\jdk1.8.0_181\jre\lib\ext\sunpkcs11.jar;C:\Program Files\Java\jdk1.8.0_181\jre\lib\ext\zipfs.jar;C:\Program Files\Java\jdk1.8.0_181\jre\lib\javaws.jar;C:\Program Files\Java\jdk1.8.0_181\jre\lib\jce.jar;C:\Program Files\Java\jdk1.8.0_181\jre\lib\jfr.jar;C:\Program Files\Java\jdk1.8.0_181\jre\lib\jfxswt.jar;C:\Program Files\Java\jdk1.8.0_181\jre\lib\jsse.jar;C:\Program Files\Java\jdk1.8.0_181\jre\lib\management-agent.jar;C:\Program Files\Java\jdk1.8.0_181\jre\lib\plugin.jar;C:\Program Files\Java\jdk1.8.0_181\jre\lib\resources.jar;C:\Program Files\Java\jdk1.8.0_181\jre\lib\rt.jar;F:\东软培训项目\workspace_IDEA\sell\target\test-classes;F:\东软培训项目\workspace_IDEA\sell\target\classes;D:\软件\mavenRepository\org\springframework\boot\spring-boot-starter\1.5.17.RELEASE\spring-boot-starter-1.5.17.RELEASE.jar;D:\软件\mavenRepository\org\springframework\boot\spring-boot\1.5.17.RELEASE\spring-boot-1.5.17.RELEASE.jar;D:\软件\mavenRepository\org\springframework\spring-context\4.3.20.RELEA
Launcher Type: SUN_STANDARD

Environment Variables:
JAVA_HOME=C:\Program Files\Java\jdk1.8.0_181
CLASSPATH=.;C:\Program Files\Java\jdk1.8.0_181\lib\dt.jar;C:\Program Files\Java\jdk1.8.0_181\lib\tools.jar;
PATH=C:\Program Files (x86)\Common Files\Oracle\Java\javapath;C:\WINDOWS\system32;C:\WINDOWS;C:\WINDOWS\System32\Wbem;C:\WINDOWS\System32\WindowsPowerShell\v1.0\;C:\Program Files\Java\jdk1.8.0_181\bin;C:\Program Files\Java\jdk1.8.0_181\jre\bin;D:\软件\apache-maven-3.5.4\bin;C;\Program Files\TortoiseSVN\bin;D:\软件\;;D:\软件\Git\cmd;C:\WINDOWS\System32\OpenSSH\;C:\Program Files\Bandizip\;C:\Users\李大鹏\AppData\Roaming\npm;%USERPROFILE%\AppData\Local\Microsoft\WindowsApps;
USERNAME=李大鹏
OS=Windows_NT
PROCESSOR_IDENTIFIER=Intel64 Family 6 Model 69 Stepping 1, GenuineIntel



---------------  S Y S T E M  ---------------

OS: Windows 10.0 , 64 bit Build 17134 (10.0.17134.1)

CPU:total 4 (initial active 4) (2 cores per cpu, 2 threads per core) family 6 model 69 stepping 1, cmov, cx8, fxsr, mmx, sse, sse2, sse3, ssse3, sse4.1, sse4.2, popcnt, avx, avx2, aes, clmul, erms, lzcnt, ht, tsc, tscinvbit, bmi1, bmi2

Memory: 4k page, physical 8314220k(945992k free), swap 17920080k(4588k free)

vm_info: Java HotSpot(TM) 64-Bit Server VM (25.181-b13) for windows-amd64 JRE (1.8.0_181-b13), built on Jul  7 2018 04:01:33 by "java_re" with MS VC++ 10.0 (VS2010)

time: Fri Nov 02 16:12:42 2018
elapsed time: 3 seconds (0d 0h 0m 3s)

