#
# There is insufficient memory for the Java Runtime Environment to continue.
# Native memory allocation (malloc) failed to allocate 757360 bytes for Chunk::new
# Possible reasons:
#   The system is out of physical RAM or swap space
#   In 32 bit mode, the process size limit was hit
# Possible solutions:
#   Reduce memory load on the system
#   Increase physical memory or swap space
#   Check if swap backing store is full
#   Use 64 bit Java on a 64 bit OS
#   Decrease Java heap size (-Xmx/-Xms)
#   Decrease number of Java threads
#   Decrease Java thread stack sizes (-Xss)
#   Set larger code cache with -XX:ReservedCodeCacheSize=
# This output file may be truncated or incomplete.
#
#  Out of Memory Error (allocation.cpp:390), pid=18004, tid=0x00000000000053e0
#
# JRE version: Java(TM) SE Runtime Environment (8.0_181-b13) (build 1.8.0_181-b13)
# Java VM: Java HotSpot(TM) 64-Bit Server VM (25.181-b13 mixed mode windows-amd64 compressed oops)
# Failed to write core dump. Minidumps are not enabled by default on client versions of Windows
#

---------------  T H R E A D  ---------------

Current thread (0x0000000018217000):  JavaThread "C2 CompilerThread0" daemon [_thread_in_native, id=21472, stack(0x0000000019ca0000,0x0000000019da0000)]

Stack: [0x0000000019ca0000,0x0000000019da0000]
[error occurred during error reporting (printing stack bounds), id 0xc0000005]

Native frames: (J=compiled Java code, j=interpreted, Vv=VM code, C=native code)


Current CompileTask:
C2:   4146  420       4       java.io.WinNTFileSystem::normalize (143 bytes)


---------------  P R O C E S S  ---------------

Java Threads: ( => current thread )
  0x0000000019663800 JavaThread "Service Thread" daemon [_thread_blocked, id=14460, stack(0x0000000019fa0000,0x000000001a0a0000)]
  0x0000000019640800 JavaThread "C1 CompilerThread2" daemon [_thread_blocked, id=7228, stack(0x0000000019ea0000,0x0000000019fa0000)]
  0x0000000019636800 JavaThread "C2 CompilerThread1" daemon [_thread_blocked, id=24328, stack(0x0000000019da0000,0x0000000019ea0000)]
=>0x0000000018217000 JavaThread "C2 CompilerThread0" daemon [_thread_in_native, id=21472, stack(0x0000000019ca0000,0x0000000019da0000)]
  0x00000000181fe000 JavaThread "Monitor Ctrl-Break" daemon [_thread_in_native, id=16380, stack(0x0000000019ba0000,0x0000000019ca0000)]
  0x00000000195e3800 JavaThread "Attach Listener" daemon [_thread_blocked, id=25412, stack(0x0000000019aa0000,0x0000000019ba0000)]
  0x00000000181d4800 JavaThread "Signal Dispatcher" daemon [_thread_blocked, id=13140, stack(0x00000000199a0000,0x0000000019aa0000)]
  0x00000000181af800 JavaThread "Finalizer" daemon [_thread_blocked, id=21664, stack(0x0000000019440000,0x0000000019540000)]
  0x0000000003637000 JavaThread "Reference Handler" daemon [_thread_blocked, id=23168, stack(0x0000000019340000,0x0000000019440000)]
  0x0000000003546800 JavaThread "main" [_thread_in_native, id=11416, stack(0x0000000003340000,0x0000000003440000)]

Other Threads:
  0x0000000018187800 VMThread [stack: 0x0000000019240000,0x0000000019340000] [id=11476]
  0x0000000019740800 WatcherThread [stack: 0x000000001a0a0000,0x000000001a1a0000] [id=18720]

VM state:not at safepoint (normal execution)

VM Mutex/Monitor currently owned by a thread: None

Heap:
 PSYoungGen      total 38400K, used 20086K [0x00000000d5b80000, 0x00000000d8600000, 0x0000000100000000)
  eden space 33280K, 60% used [0x00000000d5b80000,0x00000000d6f1d9c8,0x00000000d7c00000)
  from space 5120K, 0% used [0x00000000d8100000,0x00000000d8100000,0x00000000d8600000)
  to   space 5120K, 0% used [0x00000000d7c00000,0x00000000d7c00000,0x00000000d8100000)
 ParOldGen       total 87552K, used 0K [0x0000000081200000, 0x0000000086780000, 0x00000000d5b80000)
  object space 87552K, 0% used [0x0000000081200000,0x0000000081200000,0x0000000086780000)
 Metaspace       used 6699K, capacity 6840K, committed 7040K, reserved 1056768K
  class space    used 772K, capacity 788K, committed 896K, reserved 1048576K

Card table byte_map: [0x0000000012a00000,0x0000000012e00000] byte_map_base: 0x00000000125f7000

Marking Bits: (ParMarkBitMap*) 0x0000000068de2d00
 Begin Bits: [0x00000000134b0000, 0x0000000015468000)
 End Bits:   [0x0000000015468000, 0x0000000017420000)

Polling page: 0x0000000001780000

CodeCache: size=245760Kb used=2429Kb max_used=2436Kb free=243330Kb
 bounds [0x0000000003640000, 0x00000000038b0000, 0x0000000012640000]
 total_blobs=787 nmethods=485 adapters=215
 compilation: enabled

Compilation events (10 events):
Event: 4.081 Thread 0x0000000019640800  460       3       java.util.zip.ZipFile$ZipFileInputStream::<init> (41 bytes)
Event: 4.082 Thread 0x0000000019640800 nmethod 460 0x0000000003892c90 code [0x0000000003892e20, 0x00000000038931b8]
Event: 4.082 Thread 0x0000000019640800  461   !   3       java.util.zip.ZipFile::getInflater (56 bytes)
Event: 4.083 Thread 0x0000000019640800 nmethod 461 0x00000000038933d0 code [0x00000000038935c0, 0x0000000003894198]
Event: 4.083 Thread 0x0000000019640800  462       3       java.util.zip.InflaterInputStream::<init> (79 bytes)
Event: 4.084 Thread 0x0000000019640800 nmethod 462 0x00000000038947d0 code [0x0000000003894980, 0x0000000003895058]
Event: 4.114 Thread 0x0000000019640800  463       3       java.lang.ref.ReferenceQueue::<init> (27 bytes)
Event: 4.114 Thread 0x0000000019640800 nmethod 463 0x0000000003895550 code [0x00000000038956c0, 0x0000000003895a30]
Event: 4.114 Thread 0x0000000019640800  464       3       java.lang.ref.ReferenceQueue$Lock::<init> (5 bytes)
Event: 4.115 Thread 0x0000000019640800 nmethod 464 0x0000000003895b90 code [0x0000000003895d00, 0x0000000003895f10]

GC Heap History (0 events):
No events

Deoptimization events (0 events):
No events

Classes redefined (0 events):
No events

Internal exceptions (9 events):
Event: 0.120 Thread 0x0000000003546800 Exception <a 'java/lang/NoSuchMethodError': Method sun.misc.Unsafe.defineClass(Ljava/lang/String;[BII)Ljava/lang/Class; name or signature does not match> (0x00000000d5b87cb0) thrown at [C:\re\workspace\8-2-build-windows-amd64-cygwin\jdk8u181\11358\hotspot
Event: 0.120 Thread 0x0000000003546800 Exception <a 'java/lang/NoSuchMethodError': Method sun.misc.Unsafe.prefetchRead(Ljava/lang/Object;J)V name or signature does not match> (0x00000000d5b87f98) thrown at [C:\re\workspace\8-2-build-windows-amd64-cygwin\jdk8u181\11358\hotspot\src\share\vm\prim
Event: 1.196 Thread 0x0000000003546800 Exception <a 'java/io/FileNotFoundException'> (0x00000000d5f7cc18) thrown at [C:\re\workspace\8-2-build-windows-amd64-cygwin\jdk8u181\11358\hotspot\src\share\vm\prims\jni.cpp, line 709]
Event: 1.216 Thread 0x0000000003546800 Exception <a 'java/security/PrivilegedActionException'> (0x00000000d5fcdda0) thrown at [C:\re\workspace\8-2-build-windows-amd64-cygwin\jdk8u181\11358\hotspot\src\share\vm\prims\jvm.cpp, line 1435]
Event: 1.216 Thread 0x0000000003546800 Exception <a 'java/security/PrivilegedActionException'> (0x00000000d5fcdfb0) thrown at [C:\re\workspace\8-2-build-windows-amd64-cygwin\jdk8u181\11358\hotspot\src\share\vm\prims\jvm.cpp, line 1435]
Event: 1.218 Thread 0x0000000003546800 Exception <a 'java/security/PrivilegedActionException'> (0x00000000d5fd1ec0) thrown at [C:\re\workspace\8-2-build-windows-amd64-cygwin\jdk8u181\11358\hotspot\src\share\vm\prims\jvm.cpp, line 1435]
Event: 1.218 Thread 0x0000000003546800 Exception <a 'java/security/PrivilegedActionException'> (0x00000000d5fd20d0) thrown at [C:\re\workspace\8-2-build-windows-amd64-cygwin\jdk8u181\11358\hotspot\src\share\vm\prims\jvm.cpp, line 1435]
Event: 3.572 Thread 0x0000000003546800 Exception <a 'java/io/FileNotFoundException'> (0x00000000d66b9c48) thrown at [C:\re\workspace\8-2-build-windows-amd64-cygwin\jdk8u181\11358\hotspot\src\share\vm\prims\jni.cpp, line 709]
Event: 4.005 Thread 0x0000000003546800 Exception <a 'java/lang/NoSuchMethodError': org.slf4j.impl.StaticMDCBinder.getSingleton()Lorg/slf4j/impl/StaticMDCBinder;> (0x00000000d6bddaa8) thrown at [C:\re\workspace\8-2-build-windows-amd64-cygwin\jdk8u181\11358\hotspot\src\share\vm\interpreter\linkR

Events (10 events):
Event: 4.106 loading class org/springframework/core/annotation/AnnotatedElementUtils$SimpleAnnotationProcessor
Event: 4.106 loading class org/springframework/core/annotation/AnnotatedElementUtils$SimpleAnnotationProcessor done
Event: 4.106 loading class org/springframework/core/annotation/AnnotatedElementUtils$MergedAnnotationAttributesProcessor
Event: 4.106 loading class org/springframework/core/annotation/AnnotatedElementUtils$MergedAnnotationAttributesProcessor done
Event: 4.107 loading class org/springframework/core/annotation/AnnotationUtils
Event: 4.107 loading class org/springframework/core/annotation/AnnotationUtils done
Event: 4.112 loading class org/springframework/core/annotation/AnnotationAttributeExtractor
Event: 4.112 loading class org/springframework/core/annotation/AnnotationAttributeExtractor done
Event: 4.114 loading class org/springframework/util/CollectionUtils
Event: 4.114 loading class org/springframework/util/CollectionUtils done


Dynamic libraries:
0x00007ff637140000 - 0x00007ff637177000 	C:\Program Files\Java\jdk1.8.0_181\bin\java.exe
0x00007ffe25ed0000 - 0x00007ffe260b1000 	C:\WINDOWS\SYSTEM32\ntdll.dll
0x00007ffe24910000 - 0x00007ffe249c2000 	C:\WINDOWS\System32\KERNEL32.DLL
0x00007ffe22490000 - 0x00007ffe22703000 	C:\WINDOWS\System32\KERNELBASE.dll
0x00007ffe24160000 - 0x00007ffe24201000 	C:\WINDOWS\System32\ADVAPI32.dll
0x00007ffe242a0000 - 0x00007ffe2433e000 	C:\WINDOWS\System32\msvcrt.dll
0x00007ffe238e0000 - 0x00007ffe2393b000 	C:\WINDOWS\System32\sechost.dll
0x00007ffe234e0000 - 0x00007ffe23604000 	C:\WINDOWS\System32\RPCRT4.dll
0x00007ffe24340000 - 0x00007ffe244d0000 	C:\WINDOWS\System32\USER32.dll
0x00007ffe23340000 - 0x00007ffe23360000 	C:\WINDOWS\System32\win32u.dll
0x00007ffe249d0000 - 0x00007ffe249f8000 	C:\WINDOWS\System32\GDI32.dll
0x00007ffe22ff0000 - 0x00007ffe23182000 	C:\WINDOWS\System32\gdi32full.dll
0x00007ffe23240000 - 0x00007ffe232df000 	C:\WINDOWS\System32\msvcp_win.dll
0x00007ffe22ef0000 - 0x00007ffe22fea000 	C:\WINDOWS\System32\ucrtbase.dll
0x00007ffe11c70000 - 0x00007ffe11ed9000 	C:\WINDOWS\WinSxS\amd64_microsoft.windows.common-controls_6595b64144ccf1df_6.0.17134.376_none_fb439a3730647da2\COMCTL32.dll
0x00007ffe245e0000 - 0x00007ffe24903000 	C:\WINDOWS\System32\combase.dll
0x00007ffe22e70000 - 0x00007ffe22eea000 	C:\WINDOWS\System32\bcryptPrimitives.dll
0x00007ffe238b0000 - 0x00007ffe238dd000 	C:\WINDOWS\System32\IMM32.DLL
0x00000000699f0000 - 0x0000000069ac2000 	C:\Program Files\Java\jdk1.8.0_181\jre\bin\msvcr100.dll
0x00000000685c0000 - 0x0000000068e62000 	C:\Program Files\Java\jdk1.8.0_181\jre\bin\server\jvm.dll
0x00007ffe238a0000 - 0x00007ffe238a8000 	C:\WINDOWS\System32\PSAPI.DLL
0x00007ffe11320000 - 0x00007ffe11329000 	C:\WINDOWS\SYSTEM32\WSOCK32.dll
0x00007ffe1fd70000 - 0x00007ffe1fd93000 	C:\WINDOWS\SYSTEM32\WINMM.dll
0x00007ffe24230000 - 0x00007ffe2429c000 	C:\WINDOWS\System32\WS2_32.dll
0x00007ffe16890000 - 0x00007ffe1689a000 	C:\WINDOWS\SYSTEM32\VERSION.dll
0x00007ffe1fd40000 - 0x00007ffe1fd6a000 	C:\WINDOWS\SYSTEM32\WINMMBASE.dll
0x00007ffe22e20000 - 0x00007ffe22e69000 	C:\WINDOWS\System32\cfgmgr32.dll
0x000000006afe0000 - 0x000000006afef000 	C:\Program Files\Java\jdk1.8.0_181\jre\bin\verify.dll
0x000000006afb0000 - 0x000000006afd9000 	C:\Program Files\Java\jdk1.8.0_181\jre\bin\java.dll
0x000000006af60000 - 0x000000006af83000 	C:\Program Files\Java\jdk1.8.0_181\jre\bin\instrument.dll
0x000000006af90000 - 0x000000006afa6000 	C:\Program Files\Java\jdk1.8.0_181\jre\bin\zip.dll
0x00007ffe24a00000 - 0x00007ffe25e3f000 	C:\WINDOWS\System32\SHELL32.dll
0x00007ffe24530000 - 0x00007ffe245d9000 	C:\WINDOWS\System32\shcore.dll
0x00007ffe22710000 - 0x00007ffe22e1d000 	C:\WINDOWS\System32\windows.storage.dll
0x00007ffe244d0000 - 0x00007ffe24521000 	C:\WINDOWS\System32\shlwapi.dll
0x00007ffe22250000 - 0x00007ffe22261000 	C:\WINDOWS\System32\kernel.appcore.dll
0x00007ffe22270000 - 0x00007ffe2228f000 	C:\WINDOWS\System32\profapi.dll
0x00007ffe221e0000 - 0x00007ffe2222c000 	C:\WINDOWS\System32\powrprof.dll
0x00007ffe22290000 - 0x00007ffe2229a000 	C:\WINDOWS\System32\FLTLIB.DLL
0x000000006af40000 - 0x000000006af5a000 	C:\Program Files\Java\jdk1.8.0_181\jre\bin\net.dll
0x00007ffe21a60000 - 0x00007ffe21ac6000 	C:\WINDOWS\system32\mswsock.dll

VM Arguments:
jvm_args: -ea -Didea.test.cyclic.buffer.size=1048576 -javaagent:D:\软件安装\java配置资料及软件\IntelliJ IDEA 2018.1.6\lib\idea_rt.jar=2594:D:\软件安装\java配置资料及软件\IntelliJ IDEA 2018.1.6\bin -Dfile.encoding=UTF-8 
java_command: com.intellij.rt.execution.junit.JUnitStarter -ideVersion5 -junit4 com.neuedu.sell.service.impl.OrderServiceImplTest,createTest
java_class_path (initial): D:\软件安装\java配置资料及软件\IntelliJ IDEA 2018.1.6\lib\idea_rt.jar;D:\软件安装\java配置资料及软件\IntelliJ IDEA 2018.1.6\plugins\junit\lib\junit-rt.jar;D:\软件安装\java配置资料及软件\IntelliJ IDEA 2018.1.6\plugins\junit\lib\junit5-rt.jar;C:\Program Files\Java\jdk1.8.0_181\jre\lib\charsets.jar;C:\Program Files\Java\jdk1.8.0_181\jre\lib\deploy.jar;C:\Program Files\Java\jdk1.8.0_181\jre\lib\ext\access-bridge-64.jar;C:\Program Files\Java\jdk1.8.0_181\jre\lib\ext\cldrdata.jar;C:\Program Files\Java\jdk1.8.0_181\jre\lib\ext\dnsns.jar;C:\Program Files\Java\jdk1.8.0_181\jre\lib\ext\jaccess.jar;C:\Program Files\Java\jdk1.8.0_181\jre\lib\ext\jfxrt.jar;C:\Program Files\Java\jdk1.8.0_181\jre\lib\ext\localedata.jar;C:\Program Files\Java\jdk1.8.0_181\jre\lib\ext\nashorn.jar;C:\Program Files\Java\jdk1.8.0_181\jre\lib\ext\sunec.jar;C:\Program Files\Java\jdk1.8.0_181\jre\lib\ext\sunjce_provider.jar;C:\Program Files\Java\jdk1.8.0_181\jre\lib\ext\sunmscapi.jar;C:\Program Files\Java\jdk1.8.0_181\jre\lib\ext\sunpkcs11.jar;C:\Program Files\Java\jdk1.8.0_181\jre\lib\ext\zipfs.jar;C:\Program Files\Java\jdk1.8.0_181\jre\lib\javaws.jar;C:\Program Files\Java\jdk1.8.0_181\jre\lib\jce.jar;C:\Program Files\Java\jdk1.8.0_181\jre\lib\jfr.jar;C:\Program Files\Java\jdk1.8.0_181\jre\lib\jfxswt.jar;C:\Program Files\Java\jdk1.8.0_181\jre\lib\jsse.jar;C:\Program Files\Java\jdk1.8.0_181\jre\lib\management-agent.jar;C:\Program Files\Java\jdk1.8.0_181\jre\lib\plugin.jar;C:\Program Files\Java\jdk1.8.0_181\jre\lib\resources.jar;C:\Program Files\Java\jdk1.8.0_181\jre\lib\rt.jar;F:\东软培训项目\workspace_IDEA\sell\target\test-classes;F:\东软培训项目\workspace_IDEA\sell\target\classes;D:\软件\mavenRepository\org\springframework\boot\spring-boot-starter\1.5.17.RELEASE\spring-boot-starter-1.5.17.RELEASE.jar;D:\软件\mavenRepository\org\springframework\boot\spring-boot\1.5.17.RELEASE\spring-boot-1.5.17.RELEASE.jar;D:\软件\mavenRepository\org\springframework\spring-context\4.3.20.RELEA
Launcher Type: SUN_STANDARD

Environment Variables:
JAVA_HOME=C:\Program Files\Java\jdk1.8.0_181
CLASSPATH=.;C:\Program Files\Java\jdk1.8.0_181\lib\dt.jar;C:\Program Files\Java\jdk1.8.0_181\lib\tools.jar;
PATH=C:\Program Files (x86)\Common Files\Oracle\Java\javapath;C:\WINDOWS\system32;C:\WINDOWS;C:\WINDOWS\System32\Wbem;C:\WINDOWS\System32\WindowsPowerShell\v1.0\;C:\Program Files\Java\jdk1.8.0_181\bin;C:\Program Files\Java\jdk1.8.0_181\jre\bin;D:\软件\apache-maven-3.5.4\bin;C;\Program Files\TortoiseSVN\bin;D:\软件\;;D:\软件\Git\cmd;C:\WINDOWS\System32\OpenSSH\;C:\Program Files\Bandizip\;C:\Users\李大鹏\AppData\Roaming\npm;%USERPROFILE%\AppData\Local\Microsoft\WindowsApps;
USERNAME=李大鹏
OS=Windows_NT
PROCESSOR_IDENTIFIER=Intel64 Family 6 Model 69 Stepping 1, GenuineIntel



---------------  S Y S T E M  ---------------

OS: Windows 10.0 , 64 bit Build 17134 (10.0.17134.1)

CPU:total 4 (initial active 4) (2 cores per cpu, 2 threads per core) family 6 model 69 stepping 1, cmov, cx8, fxsr, mmx, sse, sse2, sse3, ssse3, sse4.1, sse4.2, popcnt, avx, avx2, aes, clmul, erms, lzcnt, ht, tsc, tscinvbit, bmi1, bmi2

Memory: 4k page, physical 8314220k(983392k free), swap 17920080k(5244k free)

vm_info: Java HotSpot(TM) 64-Bit Server VM (25.181-b13) for windows-amd64 JRE (1.8.0_181-b13), built on Jul  7 2018 04:01:33 by "java_re" with MS VC++ 10.0 (VS2010)

time: Fri Nov 02 16:11:52 2018
elapsed time: 4 seconds (0d 0h 0m 4s)

